┌ Info: 2024-11-26T15:11:02.225 [12584:1]: Pre-Initializing Simulation States
└ @ PowerSimulationsDynamics C:\Users\bagir\.julia\packages\PowerSimulationsDynamics\wch0a\src\base\simulation.jl:265
┌ Info: 2024-11-26T15:11:02.225 [12584:1]: Unit System changed to UnitSystem.SYSTEM_BASE = 0
└ @ PowerSystems C:\Users\bagir\.julia\packages\PowerSystems\xh3fM\src\base.jl:395
┌ Info: 2024-11-26T15:11:02.244 [12584:1]: PowerFlow solve converged, the results have been stored in the system
└ @ PowerFlows C:\Users\bagir\.julia\packages\PowerFlows\6nw6s\src\nlsolve_ac_powerflow.jl:47
┌ Info: 2024-11-26T15:11:02.244 [12584:1]: Unit System changed to UnitSystem.DEVICE_BASE = 1
└ @ PowerSystems C:\Users\bagir\.julia\packages\PowerSystems\xh3fM\src\base.jl:395
┌ Info: 2024-11-26T15:11:02.612 [12584:1]: Residual from initial guess: max = 9.956669956470934e-10 at 526, total = 3.6998271452925916e-9
└ @ PowerSimulationsDynamics C:\Users\bagir\.julia\packages\PowerSimulationsDynamics\wch0a\src\base\nlsolve_wrapper.jl:115
┌ Info: 2024-11-26T15:11:02.657 [12584:1]: Initialization non-linear solve succeeded with a tolerance of 1.0e-9 using solver trust_region. Saving solution.
└ @ PowerSimulationsDynamics C:\Users\bagir\.julia\packages\PowerSimulationsDynamics\wch0a\src\base\nlsolve_wrapper.jl:82
┌ Info: 2024-11-26T15:11:02.657 [12584:1]: Attaching Perturbations
└ @ PowerSimulationsDynamics C:\Users\bagir\.julia\packages\PowerSimulationsDynamics\wch0a\src\base\simulation.jl:299
┌ Info: 2024-11-26T15:11:02.658 [12584:1]: Simulations status = BUILT
└ @ PowerSimulationsDynamics C:\Users\bagir\.julia\packages\PowerSimulationsDynamics\wch0a\src\base\simulation.jl:462
┌ Info: 2024-11-26T15:11:02.658 [12584:1]: 
│  ───────────────────────────────────────────────────────────────────────────────
│                                                      Time          Allocations  
│                                                ───────────────   ───────────────
│                 Total measured:                     438ms            62.8MiB    
│ 
│  Section                               ncalls     time    %tot     alloc    %tot
│  ───────────────────────────────────────────────────────────────────────────────
│  Build Simulation                           1    438ms  100.0%   62.7MiB  100.0%
│    Build Simulation Inputs                  1   5.26ms    1.2%   2.57MiB    4.1%
│      Wrap Branches                          1   18.5μs    0.0%      208B    0.0%
│      Wrap Dynamic Injectors                 1    861μs    0.2%    220KiB    0.3%
│      Calculate MM, DAE_vector, Tota...      1   1.04ms    0.2%    873KiB    1.4%
│      Wrap Static Injectors                  1    467μs    0.1%    168KiB    0.3%
│    Pre-initialization                       1   19.8ms    4.5%   4.95MiB    7.9%
│      Power Flow solution                    1   18.3ms    4.2%   4.53MiB    7.2%
│      Initialize Static Injectors            1   1.40μs    0.0%     0.00B    0.0%
│      Initialize Dynamic Injectors           1   1.12ms    0.3%    410KiB    0.6%
│    Calculate Jacobian                       1    366ms   83.5%   48.9MiB   78.0%
│    Make Model Function                      1   22.6μs    0.0%   5.84KiB    0.0%
│    Initial Condition NLsolve refine...      1   46.8ms   10.7%   6.26MiB   10.0%
│    Build Perturbations                      1   44.9μs    0.0%   10.1KiB    0.0%
│    Make DiffEq Problem                      1    181μs    0.0%   13.8KiB    0.0%
│  ───────────────────────────────────────────────────────────────────────────────
│ 
└ @ PowerSimulationsDynamics C:\Users\bagir\.julia\packages\PowerSimulationsDynamics\wch0a\src\base\simulation.jl:487
